000 (10313512.099.000) 2024-01-29 17:23:48 Job submitted from host: <131.154.192.42:9618?addrs=131.154.192.42-9618&alias=sn-02.cr.cnaf.infn.it&noUDP&sock=schedd_3939223_e7ed>
...
040 (10313512.099.000) 2024-01-29 17:28:01 Started transferring input files
	Transferring to host: <131.154.209.226:9618?addrs=131.154.209.226-9618&alias=cn-316-02-06.cr.cnaf.infn.it&noUDP&sock=slot1_50_4085_007f_475399>
...
040 (10313512.099.000) 2024-01-29 17:28:02 Finished transferring input files
...
001 (10313512.099.000) 2024-01-29 17:28:03 Job executing on host: <131.154.209.226:9618?addrs=131.154.209.226-9618&alias=cn-316-02-06.cr.cnaf.infn.it&noUDP&sock=startd_2474_8965>
...
006 (10313512.099.000) 2024-01-29 17:28:11 Image size of job updated: 232572
	227  -  MemoryUsage of job (MB)
	232188  -  ResidentSetSize of job (KB)
...
006 (10313512.099.000) 2024-01-29 17:32:30 Image size of job updated: 727524
	227  -  MemoryUsage of job (MB)
	232188  -  ResidentSetSize of job (KB)
...
040 (10313512.099.000) 2024-01-29 17:32:35 Entered queue to transfer output files
...
040 (10313512.099.000) 2024-01-29 17:32:44 Started transferring output files
...
040 (10313512.099.000) 2024-01-29 17:32:56 Finished transferring output files
...
005 (10313512.099.000) 2024-01-29 17:33:00 Job terminated.
	(1) Normal termination (return value 0)
		Usr 0 00:03:57, Sys 0 00:00:01  -  Run Remote Usage
		Usr 0 00:00:00, Sys 0 00:00:00  -  Run Local Usage
		Usr 0 00:03:57, Sys 0 00:00:01  -  Total Remote Usage
		Usr 0 00:00:00, Sys 0 00:00:00  -  Total Local Usage
	0  -  Run Bytes Sent By Job
	590728  -  Run Bytes Received By Job
	0  -  Total Bytes Sent By Job
	590728  -  Total Bytes Received By Job
	Partitionable Resources :    Usage  Request Allocated 
	   Cpus                 :     0.91        1         1 
	   Disk (KB)            :   605         750   1537088 
	   Memory (MB)          :   227           1       128 

	Job terminated of its own accord at 2024-01-29T16:32:30Z.
...
